[35merror[39m: Not found error: El usuario con código '6683e5d8cb7f87ea4f286654' no existe.
[35merror[39m: Not found error: El usuario con código '6683e5d8cb7f87ea4f286654' no existe.
undefined - [2024-07-24T21:28:03.170Z] undefined undefined
[35merror[39m: Not found error: El usuario con código '6683e5d8cb7f87ea4f286654' no existe.
[35merror[39m: Not found error: El usuario con código '66857f1057349ba29392e62e' no existe.
[35merror[39m: ERROR test example
[31mfatal[39m: FATAL test example
[2024-07-24T21:39:29.936Z] ERROR test example
[2024-07-24T21:39:29.936Z] FATAL test example
[2024-07-24T21:54:44.074Z] ERROR test example
[2024-07-24T21:54:44.074Z] FATAL test example
[2024-07-24T21:55:50.732Z] Not found error: El usuario con código '66857f1057349ba29392e62e' no existe.
[2024-07-24T21:56:14.455Z] Not found error: El usuario con código '66857f1057349ba29392e62e' no existe.
[2024-07-24T21:57:49.914Z] Not found error: El usuario con código '66857f1057349ba29392e62e' no existe.
[2024-07-24T21:58:35.293Z] Not found error: El usuario con código '66857f1057349ba29392e62e' no existe.
[2024-07-24T22:00:59.234Z] Not found error: El usuario con código '66857f1057349ba29392e62e' no existe.
[2024-07-24T22:01:46.770Z] Not found error: El usuario con código '66857f1057349ba29392e62e' no existe.
[2024-07-24T22:02:35.712Z] Not found error: El usuario con código '66857f1057349ba29392e62e' no existe.
[2024-07-24T22:02:41.582Z] Not found error: El usuario con código '66857f1057349ba29392e62e' no existe.
[2024-07-24T22:02:54.092Z] Not found error: El usuario con código '66857f1057349ba29392e62e' no existe.
[2024-07-24T22:02:56.798Z] Not found error: El usuario con código '66857f1057349ba29392e62e' no existe.
[2024-07-24T22:02:57.796Z] Not found error: El usuario con código '66857f1057349ba29392e62e' no existe.
[2024-07-24T22:03:29.160Z] Not found error: El usuario con código '66857f1057349ba29392e62e' no existe.
[2024-07-24T22:05:43.108Z] Not found error: El usuario con código '66857f1057349ba29392e62e' no existe.
[2024-07-24T22:08:53.599Z] Not found error: El usuario con código '66857f1057349ba29392e62e' no existe.
[2024-07-24T22:08:56.801Z] Not found error: El usuario con código '66857f1057349ba29392e62e' no existe.
[2024-07-24T22:09:43.900Z] Not found error: El usuario con código '66857f1057349ba29392e62e' no existe.
[2024-07-25T00:54:58.783Z] Not found error: El usuario con código '66857f1057349ba29392e62e' no existe.
[2024-07-25T00:55:19.839Z] Not found error: El usuario con código '66857f1057349ba29392e62e' no existe.
[2024-07-25T00:55:38.126Z] Not found error: El usuario con código '66857f1057349ba29392e62e' no existe.
[2024-07-25T00:55:41.758Z] Not found error: El usuario con código '66857f1057349ba29392e62e' no existe.
[2024-07-25T00:56:58.521Z] Not found error: El usuario con código '66857f1057349ba29392e62e' no existe.
[2024-07-25T00:57:01.898Z] Not found error: El usuario con código '66857f1057349ba29392e62e' no existe.
[2024-07-25T00:57:06.346Z] Not found error: El usuario con código '66857f1057349ba29392e62e' no existe.
[2024-07-25T00:57:25.401Z] Not found error: El usuario con código '6683e5d8cb7f87ea4f286654' no existe.
